building the system configuration...
warning: Git tree '/home/me/nix-config' is dirty
error:
       … while calling the 'seq' builtin
         at /nix/store/6dvf3k09y1gs9h4sisybvyqdxcyri8xb-source/lib/modules.nix:359:18:
          358|         options = checked options;
          359|         config = checked (removeAttrs config [ "_module" ]);
             |                  ^
          360|         _module = checked (config._module);

       … while calling the 'throw' builtin
         at /nix/store/6dvf3k09y1gs9h4sisybvyqdxcyri8xb-source/lib/modules.nix:331:13:
          330|           else
          331|             throw baseMsg
             |             ^
          332|         else

       error: The option `services.systemd-oomd' does not exist. Definition values:
       - In `/nix/store/rzys4qbpw49sxpd40pigvpyqmvkwh1g0-source/modules/services.nix':
           {
             enable = true;
           }
